生成启动时间为 2017/5/17 16:56:51。
     1>项目“D:\Documents\Visual Studio 2015\Projects\wind\wind\wind.vcxproj”在节点 2 上(Build 个目标)。
     1>ClCompile:
         C:\Program Files (x86)\Microsoft Visual Studio 14.0\VC\bin\x86_amd64\CL.exe /c /Zi /nologo /W3 /WX- /sdl /O2 /Oi /GL /D _MBCS /Gm- /EHsc /MD /GS /Gy /fp:precise /Zc:wchar_t /Zc:forScope /Zc:inline /Fo"x64\Release\\" /Fd"x64\Release\vc140.pdb" /Gd /TP /errorReport:prompt GetData.cpp main.cpp
         GetData.cpp
     1>d:\documents\visual studio 2015\projects\wind\wind\TDBAPIStruct.h(79): warning C4091: “typedef ”: 没有声明变量时忽略“REFILLFLAG”的左侧
     1>d:\documents\visual studio 2015\projects\wind\wind\TDBAPIStruct.h(92): warning C4091: “typedef ”: 没有声明变量时忽略“CYCTYPE”的左侧
     1>d:\documents\visual studio 2015\projects\wind\wind\TDBAPIStruct.h(99): warning C4091: “typedef ”: 没有声明变量时忽略“ORDERSIDE”的左侧
     1>GetData.cpp(239): warning C4267: “初始化”: 从“size_t”转换到“int”，可能丢失数据
     1>GetData.cpp(273): warning C4267: “初始化”: 从“size_t”转换到“int”，可能丢失数据
         main.cpp
     1>d:\documents\visual studio 2015\projects\wind\wind\TDBAPIStruct.h(79): warning C4091: “typedef ”: 没有声明变量时忽略“REFILLFLAG”的左侧
     1>d:\documents\visual studio 2015\projects\wind\wind\TDBAPIStruct.h(92): warning C4091: “typedef ”: 没有声明变量时忽略“CYCTYPE”的左侧
     1>d:\documents\visual studio 2015\projects\wind\wind\TDBAPIStruct.h(99): warning C4091: “typedef ”: 没有声明变量时忽略“ORDERSIDE”的左侧
       Link:
         C:\Program Files (x86)\Microsoft Visual Studio 14.0\VC\bin\x86_amd64\link.exe /ERRORREPORT:PROMPT /OUT:"D:\Documents\Visual Studio 2015\Projects\wind\x64\Release\wind.exe" /NOLOGO TDBAPI.lib kernel32.lib user32.lib gdi32.lib winspool.lib comdlg32.lib advapi32.lib shell32.lib ole32.lib oleaut32.lib uuid.lib odbc32.lib odbccp32.lib /MANIFEST /MANIFESTUAC:"level='asInvoker' uiAccess='false'" /manifest:embed /DEBUG /PDB:"D:\Documents\Visual Studio 2015\Projects\wind\x64\Release\wind.pdb" /OPT:REF /OPT:ICF /LTCG:incremental /TLBID:1 /DYNAMICBASE /NXCOMPAT /IMPLIB:"D:\Documents\Visual Studio 2015\Projects\wind\x64\Release\wind.lib" /MACHINE:X64 x64\Release\GetData.obj
         x64\Release\GetFuture.obj
         x64\Release\GetIndex.obj
         x64\Release\main.obj
         x64\Release\utils.obj
         正在生成代码
         3 of 1086 functions ( 0.3%) were compiled, the rest were copied from previous compilation.
           0 functions were new in current compilation
           5 functions had inline decision re-evaluated but remain unchanged
         已完成代码的生成
         wind.vcxproj -> D:\Documents\Visual Studio 2015\Projects\wind\x64\Release\wind.exe
     1>已完成生成项目“D:\Documents\Visual Studio 2015\Projects\wind\wind\wind.vcxproj”(Build 个目标)的操作。

已成功生成。

已用时间 00:00:04.91
